# JRE version: OpenJDK Runtime Environment (8.0_272-b10) (build 1.8.0_272-b10)
# Java VM: OpenJDK 64-Bit Server VM (25.272-b10 mixed mode windows-amd64 compressed oops)
Heap:
 PSYoungGen      total 124928K, used 69312K [0x00000000f5580000, 0x0000000100000000, 0x0000000100000000)
  eden space 75264K, 26% used [0x00000000f5580000,0x00000000f68b0628,0x00000000f9f00000)
  from space 49664K, 99% used [0x00000000f9f00000,0x00000000fcf7fbc0,0x00000000fcf80000)
  to   space 49664K, 0% used [0x00000000fcf80000,0x00000000fcf80000,0x0000000100000000)
 ParOldGen       total 194560K, used 88864K [0x00000000e0000000, 0x00000000ebe00000, 0x00000000f5580000)
  object space 194560K, 45% used [0x00000000e0000000,0x00000000e56c80f8,0x00000000ebe00000)
 Metaspace       used 91848K, capacity 96696K, committed 96896K, reserved 1132544K
  class space    used 12633K, capacity 13655K, committed 13696K, reserved 1048576K
GC Heap History (10 events):
Event: 141.882 GC heap before
{Heap before GC invocations=20 (full 3):
 PSYoungGen      total 131584K, used 118469K [0x00000000f5580000, 0x00000000ffe00000, 0x0000000100000000)
  eden space 94720K, 100% used [0x00000000f5580000,0x00000000fb200000,0x00000000fb200000)
  from space 36864K, 64% used [0x00000000fda00000,0x00000000ff131738,0x00000000ffe00000)
  to   space 38912K, 0% used [0x00000000fb200000,0x00000000fb200000,0x00000000fd800000)
 ParOldGen       total 194560K, used 63071K [0x00000000e0000000, 0x00000000ebe00000, 0x00000000f5580000)
  object space 194560K, 32% used [0x00000000e0000000,0x00000000e3d97c68,0x00000000ebe00000)
 Metaspace       used 87802K, capacity 92024K, committed 92160K, reserved 1128448K
  class space    used 12057K, capacity 12965K, committed 13056K, reserved 1048576K
Event: 141.934 GC heap after
Heap after GC invocations=20 (full 3):
 PSYoungGen      total 132096K, used 37271K [0x00000000f5580000, 0x0000000100000000, 0x0000000100000000)
  eden space 94720K, 0% used [0x00000000f5580000,0x00000000f5580000,0x00000000fb200000)
  from space 37376K, 99% used [0x00000000fb200000,0x00000000fd665c28,0x00000000fd680000)
  to   space 42496K, 0% used [0x00000000fd680000,0x00000000fd680000,0x0000000100000000)
 ParOldGen       total 194560K, used 63079K [0x00000000e0000000, 0x00000000ebe00000, 0x00000000f5580000)
  object space 194560K, 32% used [0x00000000e0000000,0x00000000e3d99c68,0x00000000ebe00000)
 Metaspace       used 87802K, capacity 92024K, committed 92160K, reserved 1128448K
  class space    used 12057K, capacity 12965K, committed 13056K, reserved 1048576K
}
Event: 145.550 GC heap before
{Heap before GC invocations=21 (full 3):
 PSYoungGen      total 132096K, used 131991K [0x00000000f5580000, 0x0000000100000000, 0x0000000100000000)
  eden space 94720K, 100% used [0x00000000f5580000,0x00000000fb200000,0x00000000fb200000)
  from space 37376K, 99% used [0x00000000fb200000,0x00000000fd665c28,0x00000000fd680000)
  to   space 42496K, 0% used [0x00000000fd680000,0x00000000fd680000,0x0000000100000000)
 ParOldGen       total 194560K, used 63079K [0x00000000e0000000, 0x00000000ebe00000, 0x00000000f5580000)
  object space 194560K, 32% used [0x00000000e0000000,0x00000000e3d99c68,0x00000000ebe00000)
 Metaspace       used 90262K, capacity 94984K, committed 95232K, reserved 1130496K
  class space    used 12458K, capacity 13451K, committed 13568K, reserved 1048576K
Event: 145.654 GC heap after
Heap after GC invocations=21 (full 3):
 PSYoungGen      total 132096K, used 24195K [0x00000000f5580000, 0x0000000100000000, 0x0000000100000000)
  eden space 89600K, 0% used [0x00000000f5580000,0x00000000f5580000,0x00000000fad00000)
  from space 42496K, 56% used [0x00000000fd680000,0x00000000fee20e18,0x0000000100000000)
  to   space 42496K, 0% used [0x00000000fad00000,0x00000000fad00000,0x00000000fd680000)
 ParOldGen       total 194560K, used 68998K [0x00000000e0000000, 0x00000000ebe00000, 0x00000000f5580000)
  object space 194560K, 35% used [0x00000000e0000000,0x00000000e4361b60,0x00000000ebe00000)
 Metaspace       used 90262K, capacity 94984K, committed 95232K, reserved 1130496K
  class space    used 12458K, capacity 13451K, committed 13568K, reserved 1048576K
}
Event: 153.598 GC heap before
{Heap before GC invocations=22 (full 3):
 PSYoungGen      total 132096K, used 113795K [0x00000000f5580000, 0x0000000100000000, 0x0000000100000000)
  eden space 89600K, 100% used [0x00000000f5580000,0x00000000fad00000,0x00000000fad00000)
  from space 42496K, 56% used [0x00000000fd680000,0x00000000fee20e18,0x0000000100000000)
  to   space 42496K, 0% used [0x00000000fad00000,0x00000000fad00000,0x00000000fd680000)
 ParOldGen       total 194560K, used 68998K [0x00000000e0000000, 0x00000000ebe00000, 0x00000000f5580000)
  object space 194560K, 35% used [0x00000000e0000000,0x00000000e4361b60,0x00000000ebe00000)
 Metaspace       used 90749K, capacity 95562K, committed 95744K, reserved 1132544K
  class space    used 12497K, capacity 13498K, committed 13568K, reserved 1048576K
Event: 153.718 GC heap after
Heap after GC invocations=22 (full 3):
 PSYoungGen      total 107520K, used 17730K [0x00000000f5580000, 0x00000000ffd00000, 0x0000000100000000)
  eden space 89600K, 0% used [0x00000000f5580000,0x00000000f5580000,0x00000000fad00000)
  from space 17920K, 98% used [0x00000000fad00000,0x00000000fbe509e0,0x00000000fbe80000)
  to   space 40960K, 0% used [0x00000000fd500000,0x00000000fd500000,0x00000000ffd00000)
 ParOldGen       total 194560K, used 73909K [0x00000000e0000000, 0x00000000ebe00000, 0x00000000f5580000)
  object space 194560K, 37% used [0x00000000e0000000,0x00000000e482d4e8,0x00000000ebe00000)
 Metaspace       used 90749K, capacity 95562K, committed 95744K, reserved 1132544K
  class space    used 12497K, capacity 13498K, committed 13568K, reserved 1048576K
}
Event: 170.230 GC heap before
{Heap before GC invocations=23 (full 3):
 PSYoungGen      total 107520K, used 107330K [0x00000000f5580000, 0x00000000ffd00000, 0x0000000100000000)
  eden space 89600K, 100% used [0x00000000f5580000,0x00000000fad00000,0x00000000fad00000)
  from space 17920K, 98% used [0x00000000fad00000,0x00000000fbe509e0,0x00000000fbe80000)
  to   space 40960K, 0% used [0x00000000fd500000,0x00000000fd500000,0x00000000ffd00000)
 ParOldGen       total 194560K, used 73909K [0x00000000e0000000, 0x00000000ebe00000, 0x00000000f5580000)
  object space 194560K, 37% used [0x00000000e0000000,0x00000000e482d4e8,0x00000000ebe00000)
 Metaspace       used 91612K, capacity 96526K, committed 96640K, reserved 1132544K
  class space    used 12630K, capacity 13654K, committed 13696K, reserved 1048576K
Event: 170.342 GC heap after
Heap after GC invocations=23 (full 3):
 PSYoungGen      total 116224K, used 40932K [0x00000000f5580000, 0x0000000100000000, 0x0000000100000000)
  eden space 75264K, 0% used [0x00000000f5580000,0x00000000f5580000,0x00000000f9f00000)
  from space 40960K, 99% used [0x00000000fd500000,0x00000000ffcf92f0,0x00000000ffd00000)
  to   space 49664K, 0% used [0x00000000f9f00000,0x00000000f9f00000,0x00000000fcf80000)
 ParOldGen       total 194560K, used 82411K [0x00000000e0000000, 0x00000000ebe00000, 0x00000000f5580000)
  object space 194560K, 42% used [0x00000000e0000000,0x00000000e507ae38,0x00000000ebe00000)
 Metaspace       used 91612K, capacity 96526K, committed 96640K, reserved 1132544K
  class space    used 12630K, capacity 13654K, committed 13696K, reserved 1048576K
}
Event: 175.218 GC heap before
{Heap before GC invocations=24 (full 3):
 PSYoungGen      total 116224K, used 116196K [0x00000000f5580000, 0x0000000100000000, 0x0000000100000000)
  eden space 75264K, 100% used [0x00000000f5580000,0x00000000f9f00000,0x00000000f9f00000)
  from space 40960K, 99% used [0x00000000fd500000,0x00000000ffcf92f0,0x00000000ffd00000)
  to   space 49664K, 0% used [0x00000000f9f00000,0x00000000f9f00000,0x00000000fcf80000)
 ParOldGen       total 194560K, used 82411K [0x00000000e0000000, 0x00000000ebe00000, 0x00000000f5580000)
  object space 194560K, 42% used [0x00000000e0000000,0x00000000e507ae38,0x00000000ebe00000)
 Metaspace       used 91845K, capacity 96696K, committed 96896K, reserved 1132544K
  class space    used 12633K, capacity 13655K, committed 13696K, reserved 1048576K
Event: 175.555 GC heap after
Heap after GC invocations=24 (full 3):
 PSYoungGen      total 124928K, used 49662K [0x00000000f5580000, 0x0000000100000000, 0x0000000100000000)
  eden space 75264K, 0% used [0x00000000f5580000,0x00000000f5580000,0x00000000f9f00000)
  from space 49664K, 99% used [0x00000000f9f00000,0x00000000fcf7fbc0,0x00000000fcf80000)
  to   space 49664K, 0% used [0x00000000fcf80000,0x00000000fcf80000,0x0000000100000000)
 ParOldGen       total 194560K, used 88864K [0x00000000e0000000, 0x00000000ebe00000, 0x00000000f5580000)
  object space 194560K, 45% used [0x00000000e0000000,0x00000000e56c80f8,0x00000000ebe00000)
 Metaspace       used 91845K, capacity 96696K, committed 96896K, reserved 1132544K
  class space    used 12633K, capacity 13655K, committed 13696K, reserved 1048576K
}

